[1020/144855.756:ERROR:directory_reader_win.cc(43)] FindFirstFile: El sistema no puede encontrar la ruta especificada. (0x3)
[1020/163920.909:ERROR:directory_reader_win.cc(43)] FindFirstFile: El sistema no puede encontrar la ruta especificada. (0x3)
[1020/170547.125:ERROR:process_reader_win.cc(188)] ResumeThread: El parï¿½metro no es correcto. (0x57)
[1020/170547.941:ERROR:process_reader_win.cc(151)] SuspendThread: Acceso denegado. (0x5)
[1020/170547.941:ERROR:process_reader_win.cc(151)] SuspendThread: Acceso denegado. (0x5)
[1020/170547.941:ERROR:process_reader_win.cc(151)] SuspendThread: Acceso denegado. (0x5)
[1020/170547.941:ERROR:process_reader_win.cc(151)] SuspendThread: Acceso denegado. (0x5)
[1020/170547.941:ERROR:process_reader_win.cc(151)] SuspendThread: Acceso denegado. (0x5)
[1020/170548.144:ERROR:process_reader_win.cc(151)] SuspendThread: Acceso denegado. (0x5)
[1020/170548.144:ERROR:process_reader_win.cc(151)] SuspendThread: Acceso denegado. (0x5)
[1020/170548.144:ERROR:process_reader_win.cc(151)] SuspendThread: Acceso denegado. (0x5)
[1020/170548.144:ERROR:process_reader_win.cc(151)] SuspendThread: Acceso denegado. (0x5)
[1020/170548.144:ERROR:process_reader_win.cc(151)] SuspendThread: Acceso denegado. (0x5)
[1020/170548.144:ERROR:process_reader_win.cc(151)] SuspendThread: Acceso denegado. (0x5)
[1020/170548.144:ERROR:process_reader_win.cc(123)] NtOpenThread: Se ha especificado un identificador de cliente no vï¿½lido. (0xc000000b)
[1020/170550.256:ERROR:exception_snapshot_win.cc(99)] thread ID 5388 not found in process
[1021/165754.062:ERROR:directory_reader_win.cc(43)] FindFirstFile: El sistema no puede encontrar la ruta especificada. (0x3)
[1021/214420.135:ERROR:directory_reader_win.cc(43)] FindFirstFile: El sistema no puede encontrar la ruta especificada. (0x3)
[1021/220202.167:ERROR:scoped_process_suspend.cc(40)] NtResumeProcess: Se intentó obtener acceso a un proceso que está cerrándose. (0xc000010a)
[1027/201430.605:ERROR:directory_reader_win.cc(43)] FindFirstFile: El sistema no puede encontrar la ruta especificada. (0x3)
